<?xml version="1.0" encoding="UTF-8"?>
<!-- Generated by org.testng.reporters.JUnitReportReporter -->
<testsuite hostname="LAPTOP-QS69G6PM" failures="0" tests="1" name="Swami_Project.Swami_Boolean" time="14.053" errors="0" timestamp="2023-03-15T14:03:42 IST" skipped="0">
  <testcase classname="Swami_Project.Swami_Boolean" name="f" time="14.053"/>
  <system-out/>
</testsuite> <!-- Swami_Project.Swami_Boolean -->
