<?xml version="1.0" encoding="UTF-8"?>
<!-- Generated by org.testng.reporters.JUnitReportReporter -->
<testsuite hostname="LAPTOP-QS69G6PM" failures="0" tests="1" name="Swami_Project.Swami_PrintAllLinks" time="63.952" errors="0" timestamp="2023-03-24T15:43:24 IST" skipped="0">
  <testcase classname="Swami_Project.Swami_PrintAllLinks" name="printlinks" time="63.952"/>
  <system-out/>
</testsuite> <!-- Swami_Project.Swami_PrintAllLinks -->
