<?xml version="1.0" encoding="UTF-8"?>
<!-- Generated by org.testng.reporters.JUnitReportReporter -->
<testsuite hostname="LAPTOP-QS69G6PM" failures="0" tests="1" name="Swami_Project.Swami_Arraylist" time="72.941" errors="0" timestamp="2023-03-19T17:39:48 IST" skipped="0">
  <testcase classname="Swami_Project.Swami_Arraylist" name="search" time="72.941"/>
  <system-out/>
</testsuite> <!-- Swami_Project.Swami_Arraylist -->
