<?xml version="1.0" encoding="UTF-8"?>
<!-- Generated by org.testng.reporters.JUnitReportReporter -->
<testsuite hostname="LAPTOP-QS69G6PM" failures="0" tests="1" name="Swami_Project.Swami_Screenshots1" time="0.605" errors="0" timestamp="2023-03-15T12:27:15 IST" skipped="0">
  <testcase classname="Swami_Project.Swami_Screenshots1" name="sts1" time="0.605"/>
  <system-out/>
</testsuite> <!-- Swami_Project.Swami_Screenshots1 -->
