<?xml version="1.0" encoding="UTF-8"?>
<!-- Generated by org.testng.reporters.JUnitReportReporter -->
<testsuite hostname="LAPTOP-QS69G6PM" failures="0" tests="1" name="Swami_Project.Swami_AjaxControl" time="9.735" errors="0" timestamp="2023-03-25T13:26:10 IST" skipped="0">
  <testcase classname="Swami_Project.Swami_AjaxControl" name="ajax" time="9.735"/>
  <system-out/>
</testsuite> <!-- Swami_Project.Swami_AjaxControl -->
