<?xml version="1.0" encoding="UTF-8"?>
<!-- Generated by org.testng.reporters.JUnitReportReporter -->
<testsuite hostname="LAPTOP-QS69G6PM" failures="0" tests="2" name="Swami_Project.Swami_Alerts" time="6.340" errors="0" timestamp="2023-03-09T10:29:32 IST" skipped="0">
  <testcase classname="Swami_Project.Swami_Alerts" name="diloguealerts" time="3.158"/>
  <system-out/>
  <testcase classname="Swami_Project.Swami_Alerts" name="alerts" time="3.182"/>
  <system-out/>
</testsuite> <!-- Swami_Project.Swami_Alerts -->
