<?xml version="1.0" encoding="UTF-8"?>
<!-- Generated by org.testng.reporters.JUnitReportReporter -->
<testsuite hostname="LAPTOP-QS69G6PM" failures="0" tests="1" name="Swami_Project.Swami_WindowHandles" time="11.298" errors="0" timestamp="2023-03-09T14:18:05 IST" skipped="0">
  <testcase classname="Swami_Project.Swami_WindowHandles" name="Windowshandles" time="11.298"/>
  <system-out/>
</testsuite> <!-- Swami_Project.Swami_WindowHandles -->
