<?xml version="1.0" encoding="UTF-8"?>
<!-- Generated by org.testng.reporters.JUnitReportReporter -->
<testsuite hostname="LAPTOP-QS69G6PM" failures="0" tests="1" name="Swami_Project.Swami_Frames" time="27.988" errors="0" timestamp="2023-03-23T15:20:34 IST" skipped="0">
  <testcase classname="Swami_Project.Swami_Frames" name="f" time="27.988"/>
  <system-out/>
</testsuite> <!-- Swami_Project.Swami_Frames -->
