<?xml version="1.0" encoding="UTF-8"?>
<!-- Generated by org.testng.reporters.JUnitReportReporter -->
<testsuite hostname="LAPTOP-QS69G6PM" failures="0" tests="1" name="Swami_Project.Swami_printallvalue" time="1.418" errors="0" timestamp="2023-03-15T13:11:33 IST" skipped="0">
  <testcase classname="Swami_Project.Swami_printallvalue" name="allvalues" time="1.418"/>
  <system-out/>
</testsuite> <!-- Swami_Project.Swami_printallvalue -->
