<?xml version="1.0" encoding="UTF-8"?>
<!-- Generated by org.testng.reporters.JUnitReportReporter -->
<testsuite hostname="LAPTOP-QS69G6PM" failures="0" tests="1" name="Swami_Project.Infromation_Commands" time="0.169" errors="0" timestamp="2023-03-09T20:59:03 IST" skipped="0">
  <testcase classname="Swami_Project.Infromation_Commands" name="attr" time="0.169"/>
  <system-out/>
</testsuite> <!-- Swami_Project.Infromation_Commands -->
