<?xml version="1.0" encoding="UTF-8"?>
<!-- Generated by org.testng.reporters.JUnitReportReporter -->
<testsuite hostname="LAPTOP-QS69G6PM" failures="0" tests="1" name="Swami_Project.Swami_Generic_Parameterzation" time="17.923" errors="0" timestamp="2023-03-23T14:18:40 IST" skipped="0">
  <testcase classname="Swami_Project.Swami_Generic_Parameterzation" name="parametereization" time="17.923"/>
  <system-out/>
</testsuite> <!-- Swami_Project.Swami_Generic_Parameterzation -->
