<?xml version="1.0" encoding="UTF-8"?>
<!-- Generated by org.testng.reporters.JUnitReportReporter -->
<testsuite hostname="LAPTOP-QS69G6PM" failures="0" tests="1" name="Swami_Project.Swami_Screenshots" time="6.778" errors="0" timestamp="2023-03-10T12:25:55 IST" skipped="0">
  <testcase classname="Swami_Project.Swami_Screenshots" name="shts2" time="6.778"/>
  <system-out/>
</testsuite> <!-- Swami_Project.Swami_Screenshots -->
