<?xml version="1.0" encoding="UTF-8"?>
<!-- Generated by org.testng.reporters.JUnitReportReporter -->
<testsuite hostname="LAPTOP-QS69G6PM" failures="0" tests="1" name="Swami_Project.Swami_VV" time="0.275" errors="0" timestamp="2023-03-16T18:59:18 IST" skipped="0">
  <testcase classname="Swami_Project.Swami_VV" name="v" time="0.275"/>
  <system-out/>
</testsuite> <!-- Swami_Project.Swami_VV -->
