<?xml version="1.0" encoding="UTF-8"?>
<!-- Generated by org.testng.reporters.JUnitReportReporter -->
<testsuite hostname="LAPTOP-QS69G6PM" failures="0" tests="1" name="Swami_Project.Swami_Screenshotsandalerts" time="15.104" errors="0" timestamp="2023-04-08T12:39:30 IST" skipped="0">
  <testcase classname="Swami_Project.Swami_Screenshotsandalerts" name="f" time="15.104"/>
  <system-out/>
</testsuite> <!-- Swami_Project.Swami_Screenshotsandalerts -->
